{
  "stats": {
    "suites": 1,
    "tests": 2,
    "passes": 2,
    "pending": 0,
    "failures": 0,
    "start": "2021-10-15T14:56:23.303Z",
    "end": "2021-10-15T14:56:23.984Z",
    "duration": 681,
    "testsRegistered": 2,
    "passPercent": 100,
    "pendingPercent": 0,
    "other": 0,
    "hasOther": false,
    "skipped": 0,
    "hasSkipped": false
  },
  "results": [
    {
      "uuid": "71e45967-6e58-4d66-925b-9e2155410f76",
      "title": "",
      "fullFile": "cypress/integration/homepage.spec.js",
      "file": "cypress/integration/homepage.spec.js",
      "beforeHooks": [],
      "afterHooks": [],
      "tests": [],
      "suites": [
        {
          "uuid": "83734fef-14cd-4b82-bbbd-1dde05106ac1",
          "title": "homepage",
          "fullFile": "",
          "file": "",
          "beforeHooks": [],
          "afterHooks": [],
          "tests": [
            {
              "title": "should load successfully",
              "fullTitle": "homepage should load successfully",
              "timedOut": null,
              "duration": 549,
              "state": "passed",
              "speed": "slow",
              "pass": true,
              "fail": false,
              "pending": false,
              "context": null,
              "code": "cy.visit('/');",
              "err": {},
              "uuid": "8987644a-e5ad-4809-b9bd-fe95aa72272a",
              "parentUUID": "83734fef-14cd-4b82-bbbd-1dde05106ac1",
              "isHook": false,
              "skipped": false
            },
            {
              "title": "should contain the correctly spelled text",
              "fullTitle": "homepage should contain the correctly spelled text",
              "timedOut": null,
              "duration": 118,
              "state": "passed",
              "speed": "slow",
              "pass": true,
              "fail": false,
              "pending": false,
              "context": null,
              "code": "cy.contains('Users');\ncy.contains('Admin');\ncy.contains('Login');\ncy.get('mat-select').click();\ncy.contains('Register');",
              "err": {},
              "uuid": "05e7f84c-7402-4de6-ab83-31e412e454e5",
              "parentUUID": "83734fef-14cd-4b82-bbbd-1dde05106ac1",
              "isHook": false,
              "skipped": false
            }
          ],
          "suites": [],
          "passes": [
            "8987644a-e5ad-4809-b9bd-fe95aa72272a",
            "05e7f84c-7402-4de6-ab83-31e412e454e5"
          ],
          "failures": [],
          "pending": [],
          "skipped": [],
          "duration": 667,
          "root": false,
          "rootEmpty": false,
          "_timeout": 2000
        }
      ],
      "passes": [],
      "failures": [],
      "pending": [],
      "skipped": [],
      "duration": 0,
      "root": true,
      "rootEmpty": true,
      "_timeout": 2000
    }
  ],
  "meta": {
    "mocha": {
      "version": "7.0.1"
    },
    "mochawesome": {
      "options": {
        "quiet": false,
        "reportFilename": "mochawesome",
        "saveHtml": false,
        "saveJson": true,
        "consoleReporter": "spec",
        "useInlineDiffs": false,
        "code": true
      },
      "version": "6.3.1"
    },
    "marge": {
      "options": {
        "reportDir": "cypress/results",
        "overwrite": false,
        "html": false,
        "json": true
      },
      "version": "5.2.0"
    }
  }
}