{
  "stats": {
    "suites": 1,
    "tests": 1,
    "passes": 1,
    "pending": 0,
    "failures": 0,
    "start": "2021-10-15T14:56:26.859Z",
    "end": "2021-10-15T14:56:28.340Z",
    "duration": 1481,
    "testsRegistered": 1,
    "passPercent": 100,
    "pendingPercent": 0,
    "other": 0,
    "hasOther": false,
    "skipped": 0,
    "hasSkipped": false
  },
  "results": [
    {
      "uuid": "5672c9ce-0d9d-4458-9ba0-d9cd1dd5a42b",
      "title": "",
      "fullFile": "cypress/integration/login.spec.js",
      "file": "cypress/integration/login.spec.js",
      "beforeHooks": [],
      "afterHooks": [],
      "tests": [],
      "suites": [
        {
          "uuid": "e851da67-d46d-497b-8688-062f287520b7",
          "title": "login page",
          "fullFile": "",
          "file": "",
          "beforeHooks": [],
          "afterHooks": [],
          "tests": [
            {
              "title": "should login the user",
              "fullTitle": "login page should login the user",
              "timedOut": null,
              "duration": 1462,
              "state": "passed",
              "speed": "slow",
              "pass": true,
              "fail": false,
              "pending": false,
              "context": null,
              "code": "cy.visit('/login');\ncy.get('[formcontrolname=\"email\"]').type(_constants.USERNAME);\ncy.get('[formcontrolname=\"password\"]').type(_constants.PASSWORD);\ncy.get('[type=\"submit\"').click();\ncy.url().should('include', 'admin');",
              "err": {},
              "uuid": "0b742e0d-a51f-45fa-aa3d-94f977b3bbfb",
              "parentUUID": "e851da67-d46d-497b-8688-062f287520b7",
              "isHook": false,
              "skipped": false
            }
          ],
          "suites": [],
          "passes": [
            "0b742e0d-a51f-45fa-aa3d-94f977b3bbfb"
          ],
          "failures": [],
          "pending": [],
          "skipped": [],
          "duration": 1462,
          "root": false,
          "rootEmpty": false,
          "_timeout": 2000
        }
      ],
      "passes": [],
      "failures": [],
      "pending": [],
      "skipped": [],
      "duration": 0,
      "root": true,
      "rootEmpty": true,
      "_timeout": 2000
    }
  ],
  "meta": {
    "mocha": {
      "version": "7.0.1"
    },
    "mochawesome": {
      "options": {
        "quiet": false,
        "reportFilename": "mochawesome",
        "saveHtml": false,
        "saveJson": true,
        "consoleReporter": "spec",
        "useInlineDiffs": false,
        "code": true
      },
      "version": "6.3.1"
    },
    "marge": {
      "options": {
        "reportDir": "cypress/results",
        "overwrite": false,
        "html": false,
        "json": true
      },
      "version": "5.2.0"
    }
  }
}