TN:
SF:src\app.controller.ts
FN:6,(anonymous_2)
FN:9,(anonymous_3)
FNF:2
FNH:2
FNDA:1,(anonymous_2)
FNDA:1,(anonymous_3)
DA:1,1
DA:2,1
DA:5,1
DA:6,1
DA:9,1
DA:10,1
LF:6
LH:6
BRF:0
BRH:0
end_of_record
TN:
SF:src\app.service.ts
FN:5,(anonymous_1)
FNF:1
FNH:1
FNDA:1,(anonymous_1)
DA:1,1
DA:4,1
DA:6,1
LF:3
LH:3
BRF:0
BRH:0
end_of_record
TN:
SF:src\main.ts
FN:4,bootstrap
FNF:1
FNH:0
FNDA:0,bootstrap
DA:1,0
DA:2,0
DA:5,0
DA:6,0
DA:7,0
DA:9,0
LF:6
LH:0
BRDA:7,0,0,0
BRDA:7,0,1,0
BRF:2
BRH:0
end_of_record
TN:
SF:src\auth\auth.controller.ts
FN:8,(anonymous_4)
FN:12,(anonymous_5)
FNF:2
FNH:0
FNDA:0,(anonymous_4)
FNDA:0,(anonymous_5)
DA:1,1
DA:2,1
DA:3,1
DA:6,1
DA:8,0
DA:12,1
DA:13,0
LF:7
LH:5
BRF:0
BRH:0
end_of_record
TN:
SF:src\auth\auth.service.ts
FN:12,(anonymous_5)
FN:14,(anonymous_6)
FN:18,(anonymous_7)
FN:27,(anonymous_8)
FN:12,(anonymous_9)
FNF:5
FNH:1
FNDA:0,(anonymous_5)
FNDA:0,(anonymous_6)
FNDA:0,(anonymous_7)
FNDA:0,(anonymous_8)
FNDA:3,(anonymous_9)
DA:1,6
DA:2,6
DA:3,6
DA:5,6
DA:7,6
DA:10,6
DA:12,3
DA:15,0
DA:19,0
DA:20,0
DA:21,0
DA:22,0
DA:24,0
DA:28,0
LF:14
LH:7
BRDA:20,0,0,0
BRDA:20,0,1,0
BRDA:20,1,0,0
BRDA:20,1,1,0
BRF:4
BRH:0
end_of_record
TN:
SF:src\auth\decorators\roles.decorator.ts
FN:3,(anonymous_0)
FNF:1
FNH:1
FNDA:2,(anonymous_0)
DA:1,1
DA:3,2
LF:2
LH:2
BRF:0
BRH:0
end_of_record
TN:
SF:src\auth\guards\jwt-guard.ts
FNF:0
FNH:0
DA:2,2
DA:3,2
DA:6,2
LF:3
LH:3
BRF:0
BRH:0
end_of_record
TN:
SF:src\auth\guards\roles-guard.ts
FN:9,(anonymous_2)
FN:11,(anonymous_3)
FN:22,(anonymous_4)
FNF:3
FNH:0
FNDA:0,(anonymous_2)
FNDA:0,(anonymous_3)
FNDA:0,(anonymous_4)
DA:1,1
DA:2,1
DA:3,1
DA:5,1
DA:8,1
DA:9,0
DA:12,0
DA:16,0
DA:17,0
DA:19,0
DA:20,0
DA:21,0
DA:22,0
LF:13
LH:5
BRDA:16,0,0,0
BRDA:16,0,1,0
BRF:2
BRH:0
end_of_record
TN:
SF:src\auth\guards\user-is-user.guard.ts
FN:9,(anonymous_4)
FN:11,(anonymous_5)
FN:21,(anonymous_6)
FN:9,(anonymous_7)
FNF:4
FNH:1
FNDA:0,(anonymous_4)
FNDA:0,(anonymous_5)
FNDA:0,(anonymous_6)
FNDA:2,(anonymous_7)
DA:1,1
DA:2,1
DA:4,1
DA:7,1
DA:9,2
DA:12,0
DA:14,0
DA:16,0
DA:20,0
DA:22,0
DA:24,0
DA:25,0
DA:27,0
LF:13
LH:5
BRDA:24,0,0,0
BRDA:24,0,1,0
BRDA:27,1,0,0
BRDA:27,1,1,0
BRF:4
BRH:0
end_of_record
TN:
SF:src\auth\strategies\jwt.strategy.ts
FN:8,(anonymous_2)
FN:16,(anonymous_3)
FNF:2
FNH:0
FNDA:0,(anonymous_2)
FNDA:0,(anonymous_3)
DA:1,0
DA:2,0
DA:3,0
DA:4,0
DA:7,0
DA:8,0
DA:9,0
DA:17,0
LF:8
LH:0
BRF:0
BRH:0
end_of_record
TN:
SF:src\auth\strategies\local.strategy.ts
FN:8,(anonymous_2)
FN:12,(anonymous_3)
FNF:2
FNH:0
FNDA:0,(anonymous_2)
FNDA:0,(anonymous_3)
DA:1,0
DA:2,0
DA:3,0
DA:4,0
DA:7,0
DA:8,0
DA:9,0
DA:13,0
DA:14,0
DA:15,0
DA:17,0
LF:11
LH:0
BRDA:14,0,0,0
BRDA:14,0,1,0
BRF:2
BRH:0
end_of_record
TN:
SF:src\blog\controller\blog.controller.ts
FN:17,(anonymous_4)
FN:30,(anonymous_5)
FN:34,(anonymous_6)
FN:40,(anonymous_7)
FN:50,(anonymous_8)
FN:61,(anonymous_9)
FN:67,(anonymous_10)
FN:73,(anonymous_11)
FN:80,(anonymous_12)
FN:85,(anonymous_13)
FNF:10
FNH:0
FNDA:0,(anonymous_4)
FNDA:0,(anonymous_5)
FNDA:0,(anonymous_6)
FNDA:0,(anonymous_7)
FNDA:0,(anonymous_8)
FNDA:0,(anonymous_9)
FNDA:0,(anonymous_10)
FNDA:0,(anonymous_11)
FNDA:0,(anonymous_12)
FNDA:0,(anonymous_13)
DA:1,1
DA:2,1
DA:3,1
DA:4,1
DA:5,1
DA:6,1
DA:7,1
DA:9,1
DA:10,1
DA:12,1
DA:14,1
DA:18,0
DA:19,0
DA:21,0
DA:28,1
DA:30,0
DA:34,1
DA:35,0
DA:36,0
DA:40,1
DA:44,0
DA:45,0
DA:50,1
DA:55,0
DA:56,0
DA:61,1
DA:62,0
DA:67,1
DA:68,0
DA:73,1
DA:74,0
DA:80,1
DA:81,0
DA:85,1
DA:86,0
LF:35
LH:20
BRDA:41,0,0,0
BRDA:42,1,0,0
BRDA:44,2,0,0
BRDA:44,2,1,0
BRDA:51,3,0,0
BRDA:52,4,0,0
BRDA:55,5,0,0
BRDA:55,5,1,0
BRF:8
BRH:0
end_of_record
TN:
SF:src\blog\guards\user-is-author.guard.ts
FN:12,(anonymous_2)
FN:14,(anonymous_3)
FN:21,(anonymous_4)
FN:22,(anonymous_5)
FNF:4
FNH:0
FNDA:0,(anonymous_2)
FNDA:0,(anonymous_3)
FNDA:0,(anonymous_4)
FNDA:0,(anonymous_5)
DA:1,1
DA:2,1
DA:4,1
DA:7,1
DA:10,1
DA:12,0
DA:15,0
DA:17,0
DA:18,0
DA:20,0
DA:21,0
DA:22,0
LF:12
LH:5
BRF:0
BRH:0
end_of_record
TN:
SF:src\blog\models\blog-entry.entity.ts
FN:30,(anonymous_2)
FN:23,(anonymous_3)
FN:26,(anonymous_4)
FN:46,(anonymous_5)
FN:46,(anonymous_6)
FNF:5
FNH:0
FNDA:0,(anonymous_2)
FNDA:0,(anonymous_3)
FNDA:0,(anonymous_4)
FNDA:0,(anonymous_5)
FNDA:0,(anonymous_6)
DA:2,6
DA:3,6
DA:6,6
DA:9,6
DA:12,6
DA:15,6
DA:18,6
DA:21,6
DA:23,0
DA:24,6
DA:26,0
DA:27,6
DA:30,6
DA:31,0
DA:35,6
DA:38,6
DA:41,6
DA:44,6
DA:46,0
DA:47,6
LF:20
LH:16
BRF:0
BRH:0
end_of_record
TN:
SF:src\blog\service\blog.service.ts
FN:16,(anonymous_4)
FN:18,(anonymous_5)
FN:24,(anonymous_6)
FN:31,(anonymous_7)
FN:35,(anonymous_8)
FN:39,(anonymous_9)
FN:46,(anonymous_10)
FN:55,(anonymous_11)
FN:59,(anonymous_12)
FN:61,(anonymous_13)
FN:65,(anonymous_14)
FN:69,(anonymous_15)
FNF:12
FNH:5
FNDA:3,(anonymous_4)
FNDA:1,(anonymous_5)
FNDA:1,(anonymous_6)
FNDA:1,(anonymous_7)
FNDA:0,(anonymous_8)
FNDA:0,(anonymous_9)
FNDA:0,(anonymous_10)
FNDA:0,(anonymous_11)
FNDA:0,(anonymous_12)
FNDA:0,(anonymous_13)
FNDA:0,(anonymous_14)
FNDA:1,(anonymous_15)
DA:1,2
DA:2,2
DA:3,2
DA:4,2
DA:6,2
DA:7,2
DA:8,2
DA:11,2
DA:14,2
DA:16,3
DA:19,1
DA:20,1
DA:22,1
DA:23,1
DA:25,1
DA:26,1
DA:32,1
DA:36,0
DA:40,0
DA:47,0
DA:56,0
DA:60,0
DA:61,0
DA:66,0
DA:70,1
LF:25
LH:18
BRF:0
BRH:0
end_of_record
TN:
SF:src\user\user.controller.ts
FN:19,(anonymous_4)
FN:31,(anonymous_5)
FN:34,(anonymous_6)
FN:39,(anonymous_7)
FN:44,(anonymous_8)
FN:59,(anonymous_9)
FN:65,(anonymous_10)
FN:72,(anonymous_11)
FN:79,(anonymous_12)
FN:81,(anonymous_13)
FN:86,(anonymous_14)
FNF:11
FNH:0
FNDA:0,(anonymous_4)
FNDA:0,(anonymous_5)
FNDA:0,(anonymous_6)
FNDA:0,(anonymous_7)
FNDA:0,(anonymous_8)
FNDA:0,(anonymous_9)
FNDA:0,(anonymous_10)
FNDA:0,(anonymous_11)
FNDA:0,(anonymous_12)
FNDA:0,(anonymous_13)
FNDA:0,(anonymous_14)
DA:1,1
DA:2,1
DA:3,1
DA:5,1
DA:6,1
DA:7,1
DA:8,1
DA:9,1
DA:10,1
DA:11,1
DA:12,1
DA:13,1
DA:14,1
DA:16,1
DA:20,0
DA:21,0
DA:23,0
DA:30,1
DA:31,0
DA:34,1
DA:35,0
DA:39,1
DA:40,0
DA:44,1
DA:48,0
DA:50,0
DA:51,0
DA:53,0
DA:59,1
DA:60,0
DA:65,1
DA:66,0
DA:72,1
DA:73,0
DA:79,1
DA:80,0
DA:81,0
DA:86,1
DA:87,0
LF:39
LH:23
BRDA:45,0,0,0
BRDA:46,1,0,0
BRDA:48,2,0,0
BRDA:48,2,1,0
BRDA:50,3,0,0
BRDA:50,3,1,0
BRF:6
BRH:0
end_of_record
TN:
SF:src\user\user.service.ts
FN:16,(anonymous_4)
FN:22,(anonymous_5)
FN:24,(anonymous_6)
FN:32,(anonymous_7)
FN:36,(anonymous_8)
FN:42,(anonymous_9)
FN:46,(anonymous_10)
FN:50,(anonymous_11)
FN:60,(anonymous_12)
FN:82,(anonymous_13)
FN:86,(anonymous_14)
FN:90,(anonymous_15)
FN:94,(anonymous_16)
FN:99,(anonymous_17)
FN:104,(anonymous_18)
FNF:15
FNH:0
FNDA:0,(anonymous_4)
FNDA:0,(anonymous_5)
FNDA:0,(anonymous_6)
FNDA:0,(anonymous_7)
FNDA:0,(anonymous_8)
FNDA:0,(anonymous_9)
FNDA:0,(anonymous_10)
FNDA:0,(anonymous_11)
FNDA:0,(anonymous_12)
FNDA:0,(anonymous_13)
FNDA:0,(anonymous_14)
FNDA:0,(anonymous_15)
FNDA:0,(anonymous_16)
FNDA:0,(anonymous_17)
FNDA:0,(anonymous_18)
DA:1,6
DA:2,6
DA:3,6
DA:4,6
DA:5,6
DA:6,6
DA:7,6
DA:8,6
DA:15,6
DA:18,0
DA:19,0
DA:23,0
DA:25,0
DA:26,0
DA:27,0
DA:28,0
DA:30,0
DA:31,0
DA:33,0
DA:34,0
DA:36,0
DA:43,0
DA:47,0
DA:51,0
DA:61,0
DA:77,0
DA:83,0
DA:87,0
DA:91,0
DA:95,0
DA:96,0
DA:97,0
DA:98,0
DA:99,0
DA:101,0
DA:105,0
LF:36
LH:9
BRDA:52,0,0,0
BRDA:52,0,1,0
BRDA:53,1,0,0
BRDA:53,1,1,0
BRF:4
BRH:0
end_of_record
TN:
SF:src\user\models\user.entity.ts
FN:25,(anonymous_2)
FN:35,(anonymous_3)
FN:35,(anonymous_4)
FNF:3
FNH:0
FNDA:0,(anonymous_2)
FNDA:0,(anonymous_3)
FNDA:0,(anonymous_4)
DA:1,6
DA:2,6
DA:3,6
DA:4,6
DA:7,6
DA:9,6
DA:12,6
DA:15,6
DA:18,6
DA:22,6
DA:25,6
DA:26,0
DA:30,6
DA:33,6
DA:35,0
DA:36,6
LF:16
LH:14
BRF:0
BRH:0
end_of_record
TN:
SF:src\user\models\user.interface.ts
FN:3,(anonymous_0)
FNF:1
FNH:1
FNDA:6,(anonymous_0)
DA:3,6
DA:4,6
DA:5,6
DA:6,6
DA:7,6
DA:10,6
LF:6
LH:6
BRDA:3,0,0,6
BRDA:3,0,1,6
BRF:2
BRH:2
end_of_record
TN:
SF:test\app.e2e-spec.ts
FN:6,(anonymous_0)
FN:9,(anonymous_1)
FN:18,(anonymous_2)
FNF:3
FNH:0
FNDA:0,(anonymous_0)
FNDA:0,(anonymous_1)
FNDA:0,(anonymous_2)
DA:1,0
DA:3,0
DA:4,0
DA:6,0
DA:9,0
DA:10,0
DA:14,0
DA:15,0
DA:18,0
DA:19,0
LF:10
LH:0
BRF:0
BRH:0
end_of_record
